<?xml version="1.0" encoding="UTF-8"?>
<!-- Generated by org.testng.reporters.JUnitReportReporter -->
<testsuite skipped="0" hostname="DESKTOP-UQLTS0R" name="com.Harman.config.StartBrowser" tests="1" failures="0" timestamp="26 Dec 2020 03:17:39 GMT" time="29.939" errors="0">
  <testcase name="sample" time="29.939" classname="com.Harman.config.StartBrowser"/>
</testsuite> <!-- com.Harman.config.StartBrowser -->
