<?xml version="1.0" encoding="UTF-8"?>
<!-- Generated by org.testng.reporters.JUnitReportReporter -->
<testsuite skipped="0" hostname="DESKTOP-UQLTS0R" name="com.harman.scripts.RemoveCamera_WishList" tests="1" failures="0" timestamp="15 Jan 2021 01:52:38 GMT" time="19.191" errors="0">
  <testcase name="SelectCamerasFromDSLR_SmartShoppers" time="19.191" classname="com.harman.scripts.RemoveCamera_WishList"/>
</testsuite> <!-- com.harman.scripts.RemoveCamera_WishList -->
