<?xml version="1.0" encoding="UTF-8"?>
<!-- Generated by org.testng.reporters.JUnitReportReporter -->
<testsuite skipped="0" hostname="DESKTOP-UQLTS0R" name="com.harman.scripts.SelectCamerasFromDSLR" tests="1" failures="0" timestamp="19 Jan 2021 00:41:10 GMT" time="26.942" errors="0">
  <testcase name="SelectCamerasFromDSLR_SmartShoppers" time="26.942" classname="com.harman.scripts.SelectCamerasFromDSLR"/>
</testsuite> <!-- com.harman.scripts.SelectCamerasFromDSLR -->
