<?xml version="1.0" encoding="UTF-8"?>
<!-- Generated by org.testng.reporters.JUnitReportReporter -->
<testsuite skipped="0" hostname="DESKTOP-UQLTS0R" name="com.harman.scripts.View_Cart" tests="1" failures="0" timestamp="20 Jan 2021 01:40:46 GMT" time="54.931" errors="0">
  <testcase name="View_CartSmartShoppers" time="54.931" classname="com.harman.scripts.View_Cart"/>
</testsuite> <!-- com.harman.scripts.View_Cart -->
