<?xml version="1.0" encoding="UTF-8"?>
<!-- Generated by org.testng.reporters.JUnitReportReporter -->
<testsuite skipped="0" hostname="DESKTOP-UQLTS0R" name="com.harman.scripts.Login_Logout" tests="2" failures="0" timestamp="13 Jan 2021 01:13:02 GMT" time="76.835" errors="0">
  <testcase name="Login_LogoutSmartShoppers" time="69.468" classname="com.harman.scripts.Login_Logout"/>
  <testcase name="View_Cart" time="7.367" classname="com.harman.scripts.Login_Logout"/>
</testsuite> <!-- com.harman.scripts.Login_Logout -->
